<?xml version="1.0" encoding="UTF-8"?>
<!-- Generated by org.testng.reporters.JUnitXMLReporter -->
<testsuite ignored="0" hostname="LAPTOP-S1UUMFU4" failures="0" tests="7" name="Default test" time="11.798" errors="0" timestamp="2024-12-27T15:08:37 IST">
  <testcase classname="org.symb.SeleniumTask" name="TC001" time="0.055"/>
  <testcase classname="org.symb.SeleniumTask" name="TC002" time="0.152"/>
  <testcase classname="org.symb.SeleniumTask" name="TC003" time="0.114"/>
  <testcase classname="org.symb.SeleniumTask" name="TC004" time="0.104"/>
  <testcase classname="org.symb.SeleniumTask" name="TC005" time="0.452"/>
  <testcase classname="org.symb.SeleniumTask" name="TC006" time="0.613"/>
  <testcase classname="org.symb.SeleniumTask" name="TC007" time="0.614"/>
</testsuite> <!-- Default test -->
